#
# There is insufficient memory for the Java Runtime Environment to continue.
# Native memory allocation (mmap) failed to map 130023424 bytes. Error detail: G1 virtual space
# Possible reasons:
#   The system is out of physical RAM or swap space
#   This process is running with CompressedOops enabled, and the Java Heap may be blocking the growth of the native heap
# Possible solutions:
#   Reduce memory load on the system
#   Increase physical memory or swap space
#   Check if swap backing store is full
#   Decrease Java heap size (-Xmx/-Xms)
#   Decrease number of Java threads
#   Decrease Java thread stack sizes (-Xss)
#   Set larger code cache with -XX:ReservedCodeCacheSize=
#   JVM is running with Unscaled Compressed Oops mode in which the Java heap is
#     placed in the first 4GB address space. The Java Heap base address is the
#     maximum limit for the native heap growth. Please use -XX:HeapBaseMinAddress
#     to set the Java Heap base and to place the Java Heap above 4GB virtual address.
# This output file may be truncated or incomplete.
#
#  Out of Memory Error (os_windows.cpp:3825), pid=7844, tid=18136
#
# JRE version:  (17.0.11) (build )
# Java VM: OpenJDK 64-Bit Server VM (17.0.11+0--11852314, mixed mode, sharing, tiered, compressed oops, compressed class ptrs, g1 gc, windows-amd64)
# No core dump will be written. Minidumps are not enabled by default on client versions of Windows
#

---------------  S U M M A R Y ------------

Command Line: org.jetbrains.kotlin.cli.jvm.K2JVMCompiler @C:\Users\Gabrielle\UFLA\Corrida\app\build\20241014_11386293207341135431.compiler.options

Host: 11th Gen Intel(R) Core(TM) i5-1135G7 @ 2.40GHz, 8 cores, 7G,  Windows 11 , 64 bit Build 22621 (10.0.22621.3958)
Time: Mon Oct 14 21:05:08 2024 Hora oficial do Brasil elapsed time: 0.013342 seconds (0d 0h 0m 0s)

---------------  T H R E A D  ---------------

Current thread (0x000002825c6ba1a0):  JavaThread "Unknown thread" [_thread_in_vm, id=18136, stack(0x000000f40b400000,0x000000f40b500000)]

Stack: [0x000000f40b400000,0x000000f40b500000]
Native frames: (J=compiled Java code, j=interpreted, Vv=VM code, C=native code)
V  [jvm.dll+0x687bb9]
V  [jvm.dll+0x84142a]
V  [jvm.dll+0x8430ae]
V  [jvm.dll+0x843713]
V  [jvm.dll+0x24a35f]
V  [jvm.dll+0x684989]
V  [jvm.dll+0x67923a]
V  [jvm.dll+0x30af0b]
V  [jvm.dll+0x3123b6]
V  [jvm.dll+0x361dfe]
V  [jvm.dll+0x36202f]
V  [jvm.dll+0x2e0d38]
V  [jvm.dll+0x2e1ca4]
V  [jvm.dll+0x811f21]
V  [jvm.dll+0x36fb68]
V  [jvm.dll+0x7f0896]
V  [jvm.dll+0x3f3d2f]
V  [jvm.dll+0x3f58e1]
C  [jli.dll+0x528f]
C  [ucrtbase.dll+0x29333]
C  [KERNEL32.DLL+0x1257d]
C  [ntdll.dll+0x5af08]


---------------  P R O C E S S  ---------------

Threads class SMR info:
_java_thread_list=0x00007ff943b2efd8, length=0, elements={
}

Java Threads: ( => current thread )

Other Threads:
  0x000002825c714bc0 GCTaskThread "GC Thread#0" [stack: 0x000000f40b500000,0x000000f40b600000] [id=14020]
  0x000002825c7262a0 ConcurrentGCThread "G1 Main Marker" [stack: 0x000000f40b600000,0x000000f40b700000] [id=22752]
  0x000002825c726cc0 ConcurrentGCThread "G1 Conc#0" [stack: 0x000000f40b700000,0x000000f40b800000] [id=16920]

[error occurred during error reporting (printing all threads), id 0xc0000005, EXCEPTION_ACCESS_VIOLATION (0xc0000005) at pc=0x00007ff9432e1907]

VM state: not at safepoint (not fully initialized)

VM Mutex/Monitor currently owned by a thread:  ([mutex/lock_event])
[0x000002825c6b6ce0] Heap_lock - owner thread: 0x000002825c6ba1a0

Heap address: 0x0000000084400000, size: 1980 MB, Compressed Oops mode: 32-bit

CDS archive(s) mapped at: [0x0000000000000000-0x0000000000000000-0x0000000000000000), size 0, SharedBaseAddress: 0x0000000800000000, ArchiveRelocationMode: 1.
Narrow klass base: 0x0000000000000000, Narrow klass shift: 0, Narrow klass range: 0x0

GC Precious Log:
<Empty>

Heap:
 garbage-first heap   total 0K, used 0K [0x0000000084400000, 0x0000000100000000)
  region size 1024K, 0 young (0K), 0 survivors (0K)
 Metaspace       used 0K, committed 0K, reserved 0K
  class space    used 0K, committed 0K, reserved 0K

Heap Regions: E=young(eden), S=young(survivor), O=old, HS=humongous(starts), HC=humongous(continues), CS=collection set, F=free, OA=open archive, CA=closed archive, TAMS=top-at-mark-start (previous, next)

Card table byte_map: [0x000002826f2a0000,0x000002826f680000] _byte_map_base: 0x000002826ee7e000

Marking Bits (Prev, Next): (CMBitMap*) 0x000002825c7161f0, (CMBitMap*) 0x000002825c716230
 Prev Bits: [0x000002826fa60000, 0x0000028271950000)
 Next Bits: [0x0000028271950000, 0x0000028273840000)

GC Heap History (0 events):
No events

Dll operation events (1 events):
Event: 0.008 Loaded shared library C:\Program Files\Android\Android Studio\jbr\bin\java.dll

Deoptimization events (0 events):
No events

Classes unloaded (0 events):
No events

Classes redefined (0 events):
No events

Internal exceptions (0 events):
No events

VM Operations (0 events):
No events

Events (0 events):
No events


Dynamic libraries:
0x00007ff637ea0000 - 0x00007ff637eaa000 	C:\Program Files\Android\Android Studio\jbr\bin\java.exe
0x00007ff99bc30000 - 0x00007ff99be47000 	C:\WINDOWS\SYSTEM32\ntdll.dll
0x00007ff99a710000 - 0x00007ff99a7d4000 	C:\WINDOWS\System32\KERNEL32.DLL
0x00007ff9995a0000 - 0x00007ff999957000 	C:\WINDOWS\System32\KERNELBASE.dll
0x00007ff999240000 - 0x00007ff999351000 	C:\WINDOWS\System32\ucrtbase.dll
0x00007ff97efb0000 - 0x00007ff97efcb000 	C:\Program Files\Android\Android Studio\jbr\bin\VCRUNTIME140.dll
0x00007ff981310000 - 0x00007ff981327000 	C:\Program Files\Android\Android Studio\jbr\bin\jli.dll
0x00007ff99af20000 - 0x00007ff99b0cf000 	C:\WINDOWS\System32\USER32.dll
0x00007ff999360000 - 0x00007ff999386000 	C:\WINDOWS\System32\win32u.dll
0x00007ff99a6e0000 - 0x00007ff99a709000 	C:\WINDOWS\System32\GDI32.dll
0x00007ff999480000 - 0x00007ff999598000 	C:\WINDOWS\System32\gdi32full.dll
0x00007ff97f260000 - 0x00007ff97f4f3000 	C:\WINDOWS\WinSxS\amd64_microsoft.windows.common-controls_6595b64144ccf1df_6.0.22621.3672_none_2713b9d173822955\COMCTL32.dll
0x00007ff998f40000 - 0x00007ff998fda000 	C:\WINDOWS\System32\msvcp_win.dll
0x00007ff9999c0000 - 0x00007ff999a67000 	C:\WINDOWS\System32\msvcrt.dll
0x00007ff99a540000 - 0x00007ff99a571000 	C:\WINDOWS\System32\IMM32.DLL
0x00007ff98ee90000 - 0x00007ff98ee9c000 	C:\Program Files\Android\Android Studio\jbr\bin\vcruntime140_1.dll
0x00007ff956ee0000 - 0x00007ff956f6d000 	C:\Program Files\Android\Android Studio\jbr\bin\msvcp140.dll
0x00007ff942ff0000 - 0x00007ff943c73000 	C:\Program Files\Android\Android Studio\jbr\bin\server\jvm.dll
0x00007ff99ae60000 - 0x00007ff99af12000 	C:\WINDOWS\System32\ADVAPI32.dll
0x00007ff99a7e0000 - 0x00007ff99a888000 	C:\WINDOWS\System32\sechost.dll
0x00007ff999450000 - 0x00007ff999478000 	C:\WINDOWS\System32\bcrypt.dll
0x00007ff99b740000 - 0x00007ff99b854000 	C:\WINDOWS\System32\RPCRT4.dll
0x00007ff9911f0000 - 0x00007ff9911f9000 	C:\WINDOWS\SYSTEM32\WSOCK32.dll
0x00007ff995dd0000 - 0x00007ff995e04000 	C:\WINDOWS\SYSTEM32\WINMM.dll
0x00007ff99a360000 - 0x00007ff99a3d1000 	C:\WINDOWS\System32\WS2_32.dll
0x00007ff98de90000 - 0x00007ff98de9a000 	C:\WINDOWS\SYSTEM32\VERSION.dll
0x00007ff997df0000 - 0x00007ff997e3d000 	C:\WINDOWS\SYSTEM32\POWRPROF.dll
0x00007ff997dd0000 - 0x00007ff997de3000 	C:\WINDOWS\SYSTEM32\UMPDC.dll
0x00007ff998080000 - 0x00007ff998098000 	C:\WINDOWS\SYSTEM32\kernel.appcore.dll
0x00007ff9911e0000 - 0x00007ff9911ea000 	C:\Program Files\Android\Android Studio\jbr\bin\jimage.dll
0x00007ff996550000 - 0x00007ff996782000 	C:\WINDOWS\SYSTEM32\DBGHELP.DLL
0x00007ff99b1d0000 - 0x00007ff99b55e000 	C:\WINDOWS\System32\combase.dll
0x00007ff99ad20000 - 0x00007ff99adf7000 	C:\WINDOWS\System32\OLEAUT32.dll
0x00007ff995d90000 - 0x00007ff995dc2000 	C:\WINDOWS\SYSTEM32\dbgcore.DLL
0x00007ff9991c0000 - 0x00007ff99923b000 	C:\WINDOWS\System32\bcryptPrimitives.dll
0x00007ff9815d0000 - 0x00007ff9815f5000 	C:\Program Files\Android\Android Studio\jbr\bin\java.dll

dbghelp: loaded successfully - version: 4.0.5 - missing functions: none
symbol engine: initialized successfully - sym options: 0x614 - pdb path: .;C:\Program Files\Android\Android Studio\jbr\bin;C:\WINDOWS\SYSTEM32;C:\WINDOWS\WinSxS\amd64_microsoft.windows.common-controls_6595b64144ccf1df_6.0.22621.3672_none_2713b9d173822955;C:\Program Files\Android\Android Studio\jbr\bin\server

VM Arguments:
java_command: org.jetbrains.kotlin.cli.jvm.K2JVMCompiler @C:\Users\Gabrielle\UFLA\Corrida\app\build\20241014_11386293207341135431.compiler.options
java_class_path (initial): C:\Users\Gabrielle\.gradle\caches\modules-2\files-2.1\org.jetbrains.kotlin\kotlin-compiler-embeddable\1.9.0\2c8c3a7402becca891f12739b3e9fd2dc2adbd7a\kotlin-compiler-embeddable-1.9.0.jar;C:\Users\Gabrielle\.gradle\caches\modules-2\files-2.1\org.jetbrains.kotlin\kotlin-stdlib\1.9.0\8ee15ef0c67dc83d874f412d84378d7f0eb50b63\kotlin-stdlib-1.9.0.jar;C:\Users\Gabrielle\.gradle\caches\modules-2\files-2.1\org.jetbrains.kotlin\kotlin-script-runtime\1.9.0\4b3102cbbb7e1b58d9d1adf89563f00069ffa7d1\kotlin-script-runtime-1.9.0.jar;C:\Users\Gabrielle\.gradle\caches\modules-2\files-2.1\org.jetbrains.kotlin\kotlin-reflect\1.6.10\1cbe9c92c12a94eea200d23c2bbaedaf3daf5132\kotlin-reflect-1.6.10.jar;C:\Users\Gabrielle\.gradle\caches\modules-2\files-2.1\org.jetbrains.kotlin\kotlin-daemon-embeddable\1.9.0\186543f5e28cf8d9a0290fecc2cf34301c40a65c\kotlin-daemon-embeddable-1.9.0.jar;C:\Users\Gabrielle\.gradle\caches\modules-2\files-2.1\org.jetbrains.intellij.deps\trove4j\1.0.20200330\3afb14d5f9ceb459d724e907a21145e8ff394f02\trove4j-1.0.20200330.jar;C:\Users\Gabrielle\.gradle\caches\modules-2\files-2.1\org.jetbrains.kotlin\kotlin-stdlib-common\1.9.0\cd65c21cfd1eec4d44ef09f9f52b6d9f8a720636\kotlin-stdlib-common-1.9.0.jar;C:\Users\Gabrielle\.gradle\caches\modules-2\files-2.1\org.jetbrains\annotations\13.0\919f0dfe192fb4e063e7dacadee7f8bb9a2672a9\annotations-13.0.jar
Launcher Type: SUN_STANDARD

[Global flags]
     intx CICompilerCount                          = 4                                         {product} {ergonomic}
     uint ConcGCThreads                            = 2                                         {product} {ergonomic}
     uint G1ConcRefinementThreads                  = 8                                         {product} {ergonomic}
   size_t G1HeapRegionSize                         = 1048576                                   {product} {ergonomic}
    uintx GCDrainStackTargetSize                   = 64                                        {product} {ergonomic}
   size_t InitialHeapSize                          = 130023424                                 {product} {ergonomic}
   size_t MarkStackSize                            = 4194304                                   {product} {ergonomic}
   size_t MaxHeapSize                              = 2076180480                                {product} {ergonomic}
   size_t MinHeapDeltaBytes                        = 1048576                                   {product} {ergonomic}
   size_t MinHeapSize                              = 8388608                                   {product} {ergonomic}
    uintx NonNMethodCodeHeapSize                   = 5839372                                {pd product} {ergonomic}
    uintx NonProfiledCodeHeapSize                  = 122909434                              {pd product} {ergonomic}
    uintx ProfiledCodeHeapSize                     = 122909434                              {pd product} {ergonomic}
    uintx ReservedCodeCacheSize                    = 251658240                              {pd product} {ergonomic}
     bool SegmentedCodeCache                       = true                                      {product} {ergonomic}
   size_t SoftMaxHeapSize                          = 2076180480                             {manageable} {ergonomic}
     bool UseCompressedClassPointers               = true                           {product lp64_product} {ergonomic}
     bool UseCompressedOops                        = true                           {product lp64_product} {ergonomic}
     bool UseG1GC                                  = true                                      {product} {ergonomic}
     bool UseLargePagesIndividualAllocation        = false                                  {pd product} {ergonomic}

Logging:
Log output configuration:
 #0: stdout all=warning uptime,level,tags
 #1: stderr all=off uptime,level,tags

Environment Variables:
PATH=C:\Program Files\Common Files\Oracle\Java\javapath;C:\Windows\system32;C:\Windows;C:\Windows\System32\Wbem;C:\Windows\System32\WindowsPowerShell\v1.0\;C:\Windows\System32\OpenSSH\;C:\Program Files\NVIDIA Corporation\NVIDIA NvDLISR;C:\Program Files\dotnet\;C:\WINDOWS\system32;C:\WINDOWS;C:\WINDOWS\System32\Wbem;C:\WINDOWS\System32\WindowsPowerShell\v1.0\;C:\WINDOWS\System32\OpenSSH\;C:\Program Files\Git\cmd;C:\Program Files\CMake\bin;C:\MinGW\bin;C:\Users\Gabrielle\AppData\Local\Programs\Python\Python312\Scripts\;C:\Users\Gabrielle\AppData\Local\Programs\Python\Python312\;C:\Users\Gabrielle\AppData\Local\Programs\Python\Launcher\;C:\MinGW\bin\;C:\Users\Gabrielle\AppData\Local\Programs\Microsoft VS Code\bin;C:\Users\Gabrielle\AppData\Local\Microsoft\WindowsApps;
USERNAME=Gabrielle
OS=Windows_NT
PROCESSOR_IDENTIFIER=Intel64 Family 6 Model 140 Stepping 1, GenuineIntel
TMP=C:\Users\GABRIE~1\AppData\Local\Temp
TEMP=C:\Users\GABRIE~1\AppData\Local\Temp



Periodic native trim disabled

JNI global refs:
JNI global refs: 0, weak refs: 0

JNI global refs memory usage: 0, weak refs: 0

Process memory usage:
Resident Set Size: 11768K (0% of 8104744K total physical memory with 310012K free physical memory)

OOME stack traces (most recent first):
Classloader memory used:


---------------  S Y S T E M  ---------------

OS:
 Windows 11 , 64 bit Build 22621 (10.0.22621.3958)
OS uptime: 0 days 19:27 hours

CPU: total 8 (initial active 8) (4 cores per cpu, 2 threads per core) family 6 model 140 stepping 1 microcode 0xb8, cx8, cmov, fxsr, ht, mmx, 3dnowpref, sse, sse2, sse3, ssse3, sse4.1, sse4.2, popcnt, lzcnt, tsc, tscinvbit, avx, avx2, aes, erms, clmul, bmi1, bmi2, adx, avx512f, avx512dq, avx512cd, avx512bw, avx512vl, sha, fma, vzeroupper, avx512_vpopcntdq, avx512_vpclmulqdq, avx512_vaes, avx512_vnni, clflush, clflushopt, clwb, avx512_vbmi2, avx512_vbmi
Processor Information for processor 0
  Max Mhz: 1382, Current Mhz: 1382, Mhz Limit: 1382
Processor Information for processor 1
  Max Mhz: 1382, Current Mhz: 1382, Mhz Limit: 1382
Processor Information for processor 2
  Max Mhz: 1382, Current Mhz: 1382, Mhz Limit: 1382
Processor Information for processor 3
  Max Mhz: 1382, Current Mhz: 1382, Mhz Limit: 1382
Processor Information for processor 4
  Max Mhz: 1382, Current Mhz: 1382, Mhz Limit: 1382
Processor Information for processor 5
  Max Mhz: 1382, Current Mhz: 1382, Mhz Limit: 1382
Processor Information for processor 6
  Max Mhz: 1382, Current Mhz: 1382, Mhz Limit: 1382
Processor Information for processor 7
  Max Mhz: 1382, Current Mhz: 1184, Mhz Limit: 1382

Memory: 4k page, system-wide physical 7914M (302M free)
TotalPageFile size 18919M (AvailPageFile size 23M)
current process WorkingSet (physical memory assigned to process): 11M, peak: 11M
current process commit charge ("private bytes"): 60M, peak: 184M

vm_info: OpenJDK 64-Bit Server VM (17.0.11+0--11852314) for windows-amd64 JRE (17.0.11+0--11852314), built on May 16 2024 21:29:20 by "androidbuild" with MS VC++ 16.10 / 16.11 (VS2019)

END.
